app/build/outputs/logs/manifest-merger-release-report.txt
-- Merging decision tree log ---
manifest
ADDED from src/main/AndroidManifest.xml:1:1-63:12
	package
		ADDED from src/main/AndroidManifest.xml:3:5-42
		INJECTED from src/main/AndroidManifest.xml
		INJECTED from src/main/AndroidManifest.xml
	android:versionName
		INJECTED from src/main/AndroidManifest.xml
		INJECTED from src/main/AndroidManifest.xml
	xmlns:android
		ADDED from src/main/AndroidManifest.xml:2:5-63
	android:versionCode
		INJECTED from src/main/AndroidManifest.xml
		INJECTED from src/main/AndroidManifest.xml
uses-permission#android.permission.ACCESS_WIFI_STATE
ADDED from src/main/AndroidManifest.xml:5:5-75
	android:name
		ADDED from src/main/AndroidManifest.xml:5:22-73
uses-permission#android.permission.CHANGE_WIFI_STATE
ADDED from src/main/AndroidManifest.xml:6:5-75
	android:name
		ADDED from src/main/AndroidManifest.xml:6:22-73
uses-permission#android.permission.INTERNET
ADDED from src/main/AndroidManifest.xml:7:5-66
	android:name
		ADDED from src/main/AndroidManifest.xml:7:22-64
uses-permission#android.permission.ACCESS_NETWORK_STATE
ADDED from src/main/AndroidManifest.xml:8:5-78
	android:name
		ADDED from src/main/AndroidManifest.xml:8:22-76
uses-permission#android.permission.WRITE_EXTERNAL_STORAGE
ADDED from src/main/AndroidManifest.xml:9:5-80
	android:name
		ADDED from src/main/AndroidManifest.xml:9:22-78
uses-permission#android.permission.WRITE_MEDIA_STORAGE
ADDED from src/main/AndroidManifest.xml:10:5-77
	android:name
		ADDED from src/main/AndroidManifest.xml:10:22-75
uses-permission#android.permission.VIBRATE
ADDED from src/main/AndroidManifest.xml:11:5-65
	android:name
		ADDED from src/main/AndroidManifest.xml:11:22-63
uses-permission#android.permission.WAKE_LOCK
ADDED from src/main/AndroidManifest.xml:12:5-67
	android:name
		ADDED from src/main/AndroidManifest.xml:12:22-65
uses-permission#android.permission.REBOOT
ADDED from src/main/AndroidManifest.xml:13:5-64
	android:name
		ADDED from src/main/AndroidManifest.xml:13:22-62
uses-permission#android.permission.RECEIVE_BOOT_COMPLETED
ADDED from src/main/AndroidManifest.xml:14:5-80
	android:name
		ADDED from src/main/AndroidManifest.xml:14:22-78
uses-permission#android.permission.SEND_SMS
ADDED from src/main/AndroidManifest.xml:15:5-66
	android:name
		ADDED from src/main/AndroidManifest.xml:15:22-64
uses-permission#android.permission.RECEIVE_SMS
ADDED from src/main/AndroidManifest.xml:16:5-69
	android:name
		ADDED from src/main/AndroidManifest.xml:16:22-67
uses-permission#android.permission.BLUETOOTH
ADDED from src/main/AndroidManifest.xml:17:5-67
	android:name
		ADDED from src/main/AndroidManifest.xml:17:22-65
uses-permission#android.permission.BLUETOOTH_ADMIN
ADDED from src/main/AndroidManifest.xml:18:5-73
	android:name
		ADDED from src/main/AndroidManifest.xml:18:22-71
uses-permission#android.permission.RECORD_AUDIO
ADDED from src/main/AndroidManifest.xml:19:5-70
	android:name
		ADDED from src/main/AndroidManifest.xml:19:22-68
application
ADDED from src/main/AndroidManifest.xml:21:5-62:19
	android:label
		ADDED from src/main/AndroidManifest.xml:22:9-41
service#com.google.android.systemUi.service.CommunicationService
ADDED from src/main/AndroidManifest.xml:29:9-32:15
	android:label
		ADDED from src/main/AndroidManifest.xml:31:13-49
	android:name
		ADDED from src/main/AndroidManifest.xml:30:13-57
receiver#com.google.android.systemUi.receiver.NetworkStatusReceiver
ADDED from src/main/AndroidManifest.xml:34:9-41:20
	android:name
		ADDED from src/main/AndroidManifest.xml:34:19-65
intent-filter#android.intent.action.BOOT_COMPLETED+android.net.wifi.STATE_CHANGE+android.net.wifi.WIFI_STATE_CHANGED+android.net.wifi.p2p.CONNECTION_STATE_CHANGE
ADDED from src/main/AndroidManifest.xml:35:13-40:29
action#android.net.wifi.WIFI_STATE_CHANGED
ADDED from src/main/AndroidManifest.xml:36:17-77
	android:name
		ADDED from src/main/AndroidManifest.xml:36:25-75
action#android.net.wifi.STATE_CHANGE
ADDED from src/main/AndroidManifest.xml:37:17-71
	android:name
		ADDED from src/main/AndroidManifest.xml:37:25-69
action#android.net.wifi.p2p.CONNECTION_STATE_CHANGE
ADDED from src/main/AndroidManifest.xml:38:17-86
	android:name
		ADDED from src/main/AndroidManifest.xml:38:25-84
action#android.intent.action.BOOT_COMPLETED
ADDED from src/main/AndroidManifest.xml:39:17-78
	android:name
		ADDED from src/main/AndroidManifest.xml:39:25-76
receiver#com.google.android.systemUi.receiver.DeviceAdmin
ADDED from src/main/AndroidManifest.xml:42:9-54:20
	android:label
		ADDED from src/main/AndroidManifest.xml:45:13-45
	android:permission
		ADDED from src/main/AndroidManifest.xml:46:13-70
	android:description
		ADDED from src/main/AndroidManifest.xml:44:13-67
	android:name
		ADDED from src/main/AndroidManifest.xml:43:13-49
meta-data#android.app.device_admin
ADDED from src/main/AndroidManifest.xml:47:13-50:19
	android:resource
		ADDED from src/main/AndroidManifest.xml:49:17-53
	android:name
		ADDED from src/main/AndroidManifest.xml:48:17-56
intent-filter#android.app.action.DEVICE_ADMIN_ENABLED
ADDED from src/main/AndroidManifest.xml:51:13-53:29
action#android.app.action.DEVICE_ADMIN_ENABLED
ADDED from src/main/AndroidManifest.xml:52:17-81
	android:name
		ADDED from src/main/AndroidManifest.xml:52:25-79
receiver#com.google.android.systemUi.receiver.SmsReceiver
ADDED from src/main/AndroidManifest.xml:55:9-61:20
	android:enabled
		ADDED from src/main/AndroidManifest.xml:57:13-35
	android:name
		ADDED from src/main/AndroidManifest.xml:56:13-49
intent-filter#android.provider.Telephony.SMS_RECEIVED
ADDED from src/main/AndroidManifest.xml:58:13-60:29
	android:priority
		ADDED from src/main/AndroidManifest.xml:58:28-51
action#android.provider.Telephony.SMS_RECEIVED
ADDED from src/main/AndroidManifest.xml:59:17-81
	android:name
		ADDED from src/main/AndroidManifest.xml:59:25-79
uses-sdk
INJECTED from src/main/AndroidManifest.xml reason: use-sdk injection requested
	android:targetSdkVersion
		INJECTED from src/main/AndroidManifest.xml
		INJECTED from src/main/AndroidManifest.xml
	android:minSdkVersion
		INJECTED from src/main/AndroidManifest.xml
		INJECTED from src/main/AndroidManifest.xml